<?xml version="1.0" encoding="UTF-8"?>
<!-- Generated by org.testng.reporters.JUnitReportReporter -->
<testsuite hostname="Duyets-MacBook-Pro-2.local" name="com.misfit.checkouts.Checkout" tests="1" failures="0" timestamp="15 Nov 2016 06:51:45 GMT" time="99.897" errors="0">
  <testcase name="CheckoutUS" time="99.897" classname="com.misfit.checkouts.Checkout"/>
</testsuite> <!-- com.misfit.checkouts.Checkout -->
