<?xml version="1.0" encoding="UTF-8"?>
<!-- Generated by org.testng.reporters.JUnitReportReporter -->
<testsuite hostname="Duyets-MacBook-Pro-2.local" name="com.misfit.checkCatetory.TestAssert" tests="1" failures="0" timestamp="15 Nov 2016 10:16:33 GMT" time="27.619" errors="0">
  <testcase name="testAssert" time="27.619" classname="com.misfit.checkCatetory.TestAssert"/>
</testsuite> <!-- com.misfit.checkCatetory.TestAssert -->
